\BOOKMARK [1][-]{section.1}{Introduction}{}% 1
\BOOKMARK [2][-]{subsection.1.1}{Premise}{section.1}% 2
\BOOKMARK [2][-]{subsection.1.2}{Strategy Overview}{section.1}% 3
\BOOKMARK [1][-]{section.2}{Strategies and Justification}{}% 4
\BOOKMARK [2][-]{subsection.2.1}{Used Strategies}{section.2}% 5
\BOOKMARK [3][-]{subsubsection.2.1.1}{Largest Angle}{subsection.2.1}% 6
\BOOKMARK [3][-]{subsubsection.2.1.2}{Motionless by Default}{subsection.2.1}% 7
\BOOKMARK [3][-]{subsubsection.2.1.3}{Game State Detector}{subsection.2.1}% 8
\BOOKMARK [3][-]{subsubsection.2.1.4}{Border Strategy}{subsection.2.1}% 9
\BOOKMARK [3][-]{subsubsection.2.1.5}{Aggressive Interior Cells}{subsection.2.1}% 10
\BOOKMARK [3][-]{subsubsection.2.1.6}{Random Player}{subsection.2.1}% 11
\BOOKMARK [3][-]{subsubsection.2.1.7}{Largest Traversable Distance}{subsection.2.1}% 12
\BOOKMARK [3][-]{subsubsection.2.1.8}{Modified Collision Checking}{subsection.2.1}% 13
\BOOKMARK [3][-]{subsubsection.2.1.9}{Increasing vision radius}{subsection.2.1}% 14
\BOOKMARK [2][-]{subsection.2.2}{Failed Strategies}{section.2}% 15
\BOOKMARK [3][-]{subsubsection.2.2.1}{Circling Strategy}{subsection.2.2}% 16
\BOOKMARK [3][-]{subsubsection.2.2.2}{Purely Aggressive Strategy}{subsection.2.2}% 17
\BOOKMARK [3][-]{subsubsection.2.2.3}{Tangents}{subsection.2.2}% 18
\BOOKMARK [3][-]{subsubsection.2.2.4}{Generation Tracker}{subsection.2.2}% 19
\BOOKMARK [3][-]{subsubsection.2.2.5}{Escape Closest Cell}{subsection.2.2}% 20
\BOOKMARK [3][-]{subsubsection.2.2.6}{Largest Traversable Distance using Binary Search}{subsection.2.2}% 21
\BOOKMARK [1][-]{section.3}{Parameter Tuning and Memory}{}% 22
\BOOKMARK [2][-]{subsubsection.3.0.1}{Midgame Cell Threshold}{section.3}% 23
\BOOKMARK [3][-]{subsubsection.3.0.2}{Expansion ratio}{subsubsection.3.0.1}% 24
\BOOKMARK [3][-]{subsubsection.3.0.3}{Role Probability}{subsubsection.3.0.1}% 25
\BOOKMARK [1][-]{section.4}{Tournament Analysis}{}% 26
\BOOKMARK [2][-]{subsection.4.1}{Pairwise Games}{section.4}% 27
\BOOKMARK [2][-]{subsection.4.2}{All Player Games}{section.4}% 28
\BOOKMARK [1][-]{section.5}{Future Improvements}{}% 29
\BOOKMARK [1][-]{section.6}{Conclusions}{}% 30
\BOOKMARK [1][-]{section.7}{Acknowledgement}{}% 31
